[0.172s] DEBUG:colcon:Command line arguments: ['/usr/bin/colcon', 'build']
[0.172s] DEBUG:colcon:Parsed command line arguments: Namespace(log_base=None, log_level=None, verb_name='build', build_base='build', install_base='install', merge_install=False, symlink_install=False, test_result_base=None, continue_on_error=False, executor='parallel', parallel_workers=8, event_handlers=None, ignore_user_meta=False, metas=['./colcon.meta'], base_paths=['.'], packages_ignore=None, packages_ignore_regex=None, paths=None, packages_up_to=None, packages_up_to_regex=None, packages_above=None, packages_above_and_dependencies=None, packages_above_depth=None, packages_select_by_dep=None, packages_skip_by_dep=None, packages_skip_up_to=None, packages_select_build_failed=False, packages_skip_build_finished=False, packages_select_test_failures=False, packages_skip_test_passed=False, packages_select=None, packages_skip=None, packages_select_regex=None, packages_skip_regex=None, packages_start=None, packages_end=None, allow_overriding=[], cmake_args=None, cmake_target=None, cmake_target_skip_unavailable=False, cmake_clean_cache=False, cmake_clean_first=False, cmake_force_configure=False, ament_cmake_args=None, catkin_cmake_args=None, catkin_skip_building_tests=False, verb_parser=<colcon_defaults.argument_parser.defaults.DefaultArgumentsDecorator object at 0x7678cfa45d20>, verb_extension=<colcon_core.verb.build.BuildVerb object at 0x7678cfa453f0>, main=<bound method BuildVerb.main of <colcon_core.verb.build.BuildVerb object at 0x7678cfa453f0>>)
[0.460s] Level 1:colcon.colcon_core.package_discovery:discover_packages(colcon_meta) check parameters
[0.460s] Level 1:colcon.colcon_core.package_discovery:discover_packages(recursive) check parameters
[0.460s] Level 1:colcon.colcon_core.package_discovery:discover_packages(ignore) check parameters
[0.460s] Level 1:colcon.colcon_core.package_discovery:discover_packages(path) check parameters
[0.460s] Level 1:colcon.colcon_core.package_discovery:discover_packages(colcon_meta) discover
[0.461s] Level 1:colcon.colcon_core.package_discovery:discover_packages(recursive) discover
[0.461s] INFO:colcon.colcon_core.package_discovery:Crawling recursively for packages in '/home/arjun/vishrut/robot-arm-pick-and-place'
[0.461s] Level 1:colcon.colcon_core.package_identification:_identify(.) by extensions ['ignore', 'ignore_ament_install']
[0.461s] Level 1:colcon.colcon_core.package_identification:_identify(.) by extension 'ignore'
[0.461s] Level 1:colcon.colcon_core.package_identification:_identify(.) by extension 'ignore_ament_install'
[0.461s] Level 1:colcon.colcon_core.package_identification:_identify(.) by extensions ['colcon_pkg']
[0.461s] Level 1:colcon.colcon_core.package_identification:_identify(.) by extension 'colcon_pkg'
[0.461s] Level 1:colcon.colcon_core.package_identification:_identify(.) by extensions ['colcon_meta']
[0.461s] Level 1:colcon.colcon_core.package_identification:_identify(.) by extension 'colcon_meta'
[0.461s] Level 1:colcon.colcon_core.package_identification:_identify(.) by extensions ['ros']
[0.461s] Level 1:colcon.colcon_core.package_identification:_identify(.) by extension 'ros'
[0.471s] Level 1:colcon.colcon_core.package_identification:_identify(.) by extensions ['cmake', 'python']
[0.471s] Level 1:colcon.colcon_core.package_identification:_identify(.) by extension 'cmake'
[0.471s] Level 1:colcon.colcon_core.package_identification:_identify(.) by extension 'python'
[0.471s] Level 1:colcon.colcon_core.package_identification:_identify(.) by extensions ['python_setup_py']
[0.471s] Level 1:colcon.colcon_core.package_identification:_identify(.) by extension 'python_setup_py'
[0.471s] Level 1:colcon.colcon_core.package_identification:_identify(build) by extensions ['ignore', 'ignore_ament_install']
[0.471s] Level 1:colcon.colcon_core.package_identification:_identify(build) by extension 'ignore'
[0.471s] Level 1:colcon.colcon_core.package_identification:_identify(build) ignored
[0.471s] Level 1:colcon.colcon_core.package_identification:_identify(install) by extensions ['ignore', 'ignore_ament_install']
[0.471s] Level 1:colcon.colcon_core.package_identification:_identify(install) by extension 'ignore'
[0.471s] Level 1:colcon.colcon_core.package_identification:_identify(install) ignored
[0.472s] Level 1:colcon.colcon_core.package_identification:_identify(log) by extensions ['ignore', 'ignore_ament_install']
[0.472s] Level 1:colcon.colcon_core.package_identification:_identify(log) by extension 'ignore'
[0.472s] Level 1:colcon.colcon_core.package_identification:_identify(log) ignored
[0.472s] Level 1:colcon.colcon_core.package_identification:_identify(src) by extensions ['ignore', 'ignore_ament_install']
[0.472s] Level 1:colcon.colcon_core.package_identification:_identify(src) by extension 'ignore'
[0.472s] Level 1:colcon.colcon_core.package_identification:_identify(src) by extension 'ignore_ament_install'
[0.472s] Level 1:colcon.colcon_core.package_identification:_identify(src) by extensions ['colcon_pkg']
[0.472s] Level 1:colcon.colcon_core.package_identification:_identify(src) by extension 'colcon_pkg'
[0.472s] Level 1:colcon.colcon_core.package_identification:_identify(src) by extensions ['colcon_meta']
[0.472s] Level 1:colcon.colcon_core.package_identification:_identify(src) by extension 'colcon_meta'
[0.472s] Level 1:colcon.colcon_core.package_identification:_identify(src) by extensions ['ros']
[0.472s] Level 1:colcon.colcon_core.package_identification:_identify(src) by extension 'ros'
[0.472s] Level 1:colcon.colcon_core.package_identification:_identify(src) by extensions ['cmake', 'python']
[0.472s] Level 1:colcon.colcon_core.package_identification:_identify(src) by extension 'cmake'
[0.472s] Level 1:colcon.colcon_core.package_identification:_identify(src) by extension 'python'
[0.472s] Level 1:colcon.colcon_core.package_identification:_identify(src) by extensions ['python_setup_py']
[0.472s] Level 1:colcon.colcon_core.package_identification:_identify(src) by extension 'python_setup_py'
[0.472s] Level 1:colcon.colcon_core.package_identification:_identify(src/robot_control) by extensions ['ignore', 'ignore_ament_install']
[0.472s] Level 1:colcon.colcon_core.package_identification:_identify(src/robot_control) by extension 'ignore'
[0.472s] Level 1:colcon.colcon_core.package_identification:_identify(src/robot_control) by extension 'ignore_ament_install'
[0.473s] Level 1:colcon.colcon_core.package_identification:_identify(src/robot_control) by extensions ['colcon_pkg']
[0.473s] Level 1:colcon.colcon_core.package_identification:_identify(src/robot_control) by extension 'colcon_pkg'
[0.473s] Level 1:colcon.colcon_core.package_identification:_identify(src/robot_control) by extensions ['colcon_meta']
[0.473s] Level 1:colcon.colcon_core.package_identification:_identify(src/robot_control) by extension 'colcon_meta'
[0.473s] Level 1:colcon.colcon_core.package_identification:_identify(src/robot_control) by extensions ['ros']
[0.473s] Level 1:colcon.colcon_core.package_identification:_identify(src/robot_control) by extension 'ros'
[0.476s] DEBUG:colcon.colcon_core.package_identification:Package 'src/robot_control' with type 'ros.ament_python' and name 'robot_control'
[0.476s] Level 1:colcon.colcon_core.package_identification:_identify(src/robot_description) by extensions ['ignore', 'ignore_ament_install']
[0.476s] Level 1:colcon.colcon_core.package_identification:_identify(src/robot_description) by extension 'ignore'
[0.476s] Level 1:colcon.colcon_core.package_identification:_identify(src/robot_description) by extension 'ignore_ament_install'
[0.476s] Level 1:colcon.colcon_core.package_identification:_identify(src/robot_description) by extensions ['colcon_pkg']
[0.476s] Level 1:colcon.colcon_core.package_identification:_identify(src/robot_description) by extension 'colcon_pkg'
[0.476s] Level 1:colcon.colcon_core.package_identification:_identify(src/robot_description) by extensions ['colcon_meta']
[0.476s] Level 1:colcon.colcon_core.package_identification:_identify(src/robot_description) by extension 'colcon_meta'
[0.476s] Level 1:colcon.colcon_core.package_identification:_identify(src/robot_description) by extensions ['ros']
[0.476s] Level 1:colcon.colcon_core.package_identification:_identify(src/robot_description) by extension 'ros'
[0.477s] DEBUG:colcon.colcon_core.package_identification:Package 'src/robot_description' with type 'ros.ament_python' and name 'robot_description'
[0.477s] Level 1:colcon.colcon_core.package_discovery:discover_packages(recursive) using defaults
[0.477s] Level 1:colcon.colcon_core.package_discovery:discover_packages(ignore) discover
[0.477s] Level 1:colcon.colcon_core.package_discovery:discover_packages(ignore) using defaults
[0.477s] Level 1:colcon.colcon_core.package_discovery:discover_packages(path) discover
[0.477s] Level 1:colcon.colcon_core.package_discovery:discover_packages(path) using defaults
[0.516s] Level 1:colcon.colcon_core.package_discovery:discover_packages(prefix_path) check parameters
[0.517s] Level 1:colcon.colcon_core.package_discovery:discover_packages(prefix_path) discover
[0.521s] DEBUG:colcon.colcon_installed_package_information.package_discovery:Found 3 installed packages in /home/arjun/iki_workspace/ros2_ws/install
[0.521s] DEBUG:colcon.colcon_installed_package_information.package_discovery:Found 2 installed packages in /home/arjun/prac_project_ws/install
[0.522s] DEBUG:colcon.colcon_installed_package_information.package_discovery:Found 0 installed packages in /home/arjun/Practice_ws/install
[0.523s] DEBUG:colcon.colcon_installed_package_information.package_discovery:Found 323 installed packages in /opt/ros/humble
[0.524s] Level 1:colcon.colcon_core.package_discovery:discover_packages(prefix_path) using defaults
[0.572s] Level 5:colcon.colcon_core.verb:set package 'robot_description' build argument 'cmake_args' from command line to 'None'
[0.572s] Level 5:colcon.colcon_core.verb:set package 'robot_description' build argument 'cmake_target' from command line to 'None'
[0.572s] Level 5:colcon.colcon_core.verb:set package 'robot_description' build argument 'cmake_target_skip_unavailable' from command line to 'False'
[0.572s] Level 5:colcon.colcon_core.verb:set package 'robot_description' build argument 'cmake_clean_cache' from command line to 'False'
[0.572s] Level 5:colcon.colcon_core.verb:set package 'robot_description' build argument 'cmake_clean_first' from command line to 'False'
[0.572s] Level 5:colcon.colcon_core.verb:set package 'robot_description' build argument 'cmake_force_configure' from command line to 'False'
[0.572s] Level 5:colcon.colcon_core.verb:set package 'robot_description' build argument 'ament_cmake_args' from command line to 'None'
[0.572s] Level 5:colcon.colcon_core.verb:set package 'robot_description' build argument 'catkin_cmake_args' from command line to 'None'
[0.572s] Level 5:colcon.colcon_core.verb:set package 'robot_description' build argument 'catkin_skip_building_tests' from command line to 'False'
[0.572s] DEBUG:colcon.colcon_core.verb:Building package 'robot_description' with the following arguments: {'ament_cmake_args': None, 'build_base': '/home/arjun/vishrut/robot-arm-pick-and-place/build/robot_description', 'catkin_cmake_args': None, 'catkin_skip_building_tests': False, 'cmake_args': None, 'cmake_clean_cache': False, 'cmake_clean_first': False, 'cmake_force_configure': False, 'cmake_target': None, 'cmake_target_skip_unavailable': False, 'install_base': '/home/arjun/vishrut/robot-arm-pick-and-place/install/robot_description', 'merge_install': False, 'path': '/home/arjun/vishrut/robot-arm-pick-and-place/src/robot_description', 'symlink_install': False, 'test_result_base': None}
[0.572s] Level 5:colcon.colcon_core.verb:set package 'robot_control' build argument 'cmake_args' from command line to 'None'
[0.573s] Level 5:colcon.colcon_core.verb:set package 'robot_control' build argument 'cmake_target' from command line to 'None'
[0.573s] Level 5:colcon.colcon_core.verb:set package 'robot_control' build argument 'cmake_target_skip_unavailable' from command line to 'False'
[0.573s] Level 5:colcon.colcon_core.verb:set package 'robot_control' build argument 'cmake_clean_cache' from command line to 'False'
[0.573s] Level 5:colcon.colcon_core.verb:set package 'robot_control' build argument 'cmake_clean_first' from command line to 'False'
[0.573s] Level 5:colcon.colcon_core.verb:set package 'robot_control' build argument 'cmake_force_configure' from command line to 'False'
[0.573s] Level 5:colcon.colcon_core.verb:set package 'robot_control' build argument 'ament_cmake_args' from command line to 'None'
[0.573s] Level 5:colcon.colcon_core.verb:set package 'robot_control' build argument 'catkin_cmake_args' from command line to 'None'
[0.573s] Level 5:colcon.colcon_core.verb:set package 'robot_control' build argument 'catkin_skip_building_tests' from command line to 'False'
[0.573s] DEBUG:colcon.colcon_core.verb:Building package 'robot_control' with the following arguments: {'ament_cmake_args': None, 'build_base': '/home/arjun/vishrut/robot-arm-pick-and-place/build/robot_control', 'catkin_cmake_args': None, 'catkin_skip_building_tests': False, 'cmake_args': None, 'cmake_clean_cache': False, 'cmake_clean_first': False, 'cmake_force_configure': False, 'cmake_target': None, 'cmake_target_skip_unavailable': False, 'install_base': '/home/arjun/vishrut/robot-arm-pick-and-place/install/robot_control', 'merge_install': False, 'path': '/home/arjun/vishrut/robot-arm-pick-and-place/src/robot_control', 'symlink_install': False, 'test_result_base': None}
[0.573s] INFO:colcon.colcon_core.executor:Executing jobs using 'parallel' executor
[0.574s] DEBUG:colcon.colcon_parallel_executor.executor.parallel:run_until_complete
[0.574s] INFO:colcon.colcon_ros.task.ament_python.build:Building ROS package in '/home/arjun/vishrut/robot-arm-pick-and-place/src/robot_description' with build type 'ament_python'
[0.574s] Level 1:colcon.colcon_core.shell:create_environment_hook('robot_description', 'ament_prefix_path')
[0.578s] INFO:colcon.colcon_core.plugin_system:Skipping extension 'colcon_core.shell.bat': Not used on non-Windows systems
[0.578s] INFO:colcon.colcon_core.shell:Creating environment hook '/home/arjun/vishrut/robot-arm-pick-and-place/install/robot_description/share/robot_description/hook/ament_prefix_path.ps1'
[0.580s] INFO:colcon.colcon_core.shell:Creating environment descriptor '/home/arjun/vishrut/robot-arm-pick-and-place/install/robot_description/share/robot_description/hook/ament_prefix_path.dsv'
[0.581s] INFO:colcon.colcon_core.shell:Creating environment hook '/home/arjun/vishrut/robot-arm-pick-and-place/install/robot_description/share/robot_description/hook/ament_prefix_path.sh'
[0.582s] INFO:colcon.colcon_core.shell:Skip shell extension 'powershell' for command environment: Not usable outside of PowerShell
[0.582s] DEBUG:colcon.colcon_core.shell:Skip shell extension 'dsv' for command environment
[0.840s] INFO:colcon.colcon_core.task.python.build:Building Python package in '/home/arjun/vishrut/robot-arm-pick-and-place/src/robot_description'
[0.840s] INFO:colcon.colcon_core.shell:Skip shell extension 'powershell' for command environment: Not usable outside of PowerShell
[0.840s] DEBUG:colcon.colcon_core.shell:Skip shell extension 'dsv' for command environment
[1.332s] DEBUG:colcon.colcon_core.event_handler.log_command:Invoking command in '/home/arjun/vishrut/robot-arm-pick-and-place/src/robot_description': PYTHONPATH=/home/arjun/vishrut/robot-arm-pick-and-place/build/robot_description/prefix_override:/usr/lib/python3/dist-packages/colcon_core/task/python/colcon_distutils_commands:/home/arjun/vishrut/robot-arm-pick-and-place/install/robot_description/lib/python3.10/site-packages:${PYTHONPATH} /usr/bin/python3 -W ignore:setup.py install is deprecated -W ignore:easy_install command is deprecated setup.py egg_info --egg-base ../../build/robot_description build --build-base /home/arjun/vishrut/robot-arm-pick-and-place/build/robot_description/build install --record /home/arjun/vishrut/robot-arm-pick-and-place/build/robot_description/install.log --single-version-externally-managed install_data
[1.600s] DEBUG:colcon.colcon_core.event_handler.log_command:Invoked command in '/home/arjun/vishrut/robot-arm-pick-and-place/src/robot_description' returned '0': PYTHONPATH=/home/arjun/vishrut/robot-arm-pick-and-place/build/robot_description/prefix_override:/usr/lib/python3/dist-packages/colcon_core/task/python/colcon_distutils_commands:/home/arjun/vishrut/robot-arm-pick-and-place/install/robot_description/lib/python3.10/site-packages:${PYTHONPATH} /usr/bin/python3 -W ignore:setup.py install is deprecated -W ignore:easy_install command is deprecated setup.py egg_info --egg-base ../../build/robot_description build --build-base /home/arjun/vishrut/robot-arm-pick-and-place/build/robot_description/build install --record /home/arjun/vishrut/robot-arm-pick-and-place/build/robot_description/install.log --single-version-externally-managed install_data
[1.607s] Level 1:colcon.colcon_core.environment:checking '/home/arjun/vishrut/robot-arm-pick-and-place/install/robot_description' for CMake module files
[1.607s] Level 1:colcon.colcon_core.environment:checking '/home/arjun/vishrut/robot-arm-pick-and-place/install/robot_description' for CMake config files
[1.608s] Level 1:colcon.colcon_core.environment:checking '/home/arjun/vishrut/robot-arm-pick-and-place/install/robot_description/lib'
[1.608s] Level 1:colcon.colcon_core.environment:checking '/home/arjun/vishrut/robot-arm-pick-and-place/install/robot_description/bin'
[1.608s] Level 1:colcon.colcon_core.environment:checking '/home/arjun/vishrut/robot-arm-pick-and-place/install/robot_description/lib/pkgconfig/robot_description.pc'
[1.608s] Level 1:colcon.colcon_core.environment:checking '/home/arjun/vishrut/robot-arm-pick-and-place/install/robot_description/lib/python3.10/site-packages'
[1.608s] Level 1:colcon.colcon_core.shell:create_environment_hook('robot_description', 'pythonpath')
[1.609s] INFO:colcon.colcon_core.shell:Creating environment hook '/home/arjun/vishrut/robot-arm-pick-and-place/install/robot_description/share/robot_description/hook/pythonpath.ps1'
[1.609s] INFO:colcon.colcon_core.shell:Creating environment descriptor '/home/arjun/vishrut/robot-arm-pick-and-place/install/robot_description/share/robot_description/hook/pythonpath.dsv'
[1.609s] INFO:colcon.colcon_core.shell:Creating environment hook '/home/arjun/vishrut/robot-arm-pick-and-place/install/robot_description/share/robot_description/hook/pythonpath.sh'
[1.610s] Level 1:colcon.colcon_core.environment:checking '/home/arjun/vishrut/robot-arm-pick-and-place/install/robot_description/bin'
[1.610s] Level 1:colcon.colcon_core.environment:create_environment_scripts_only(robot_description)
[1.610s] INFO:colcon.colcon_core.shell:Creating package script '/home/arjun/vishrut/robot-arm-pick-and-place/install/robot_description/share/robot_description/package.ps1'
[1.611s] INFO:colcon.colcon_core.shell:Creating package descriptor '/home/arjun/vishrut/robot-arm-pick-and-place/install/robot_description/share/robot_description/package.dsv'
[1.612s] INFO:colcon.colcon_core.shell:Creating package script '/home/arjun/vishrut/robot-arm-pick-and-place/install/robot_description/share/robot_description/package.sh'
[1.613s] INFO:colcon.colcon_core.shell:Creating package script '/home/arjun/vishrut/robot-arm-pick-and-place/install/robot_description/share/robot_description/package.bash'
[1.614s] INFO:colcon.colcon_core.shell:Creating package script '/home/arjun/vishrut/robot-arm-pick-and-place/install/robot_description/share/robot_description/package.zsh'
[1.615s] Level 1:colcon.colcon_core.environment:create_file_with_runtime_dependencies(/home/arjun/vishrut/robot-arm-pick-and-place/install/robot_description/share/colcon-core/packages/robot_description)
[1.615s] INFO:colcon.colcon_ros.task.ament_python.build:Building ROS package in '/home/arjun/vishrut/robot-arm-pick-and-place/src/robot_control' with build type 'ament_python'
[1.615s] Level 1:colcon.colcon_core.shell:create_environment_hook('robot_control', 'ament_prefix_path')
[1.615s] INFO:colcon.colcon_core.shell:Creating environment hook '/home/arjun/vishrut/robot-arm-pick-and-place/install/robot_control/share/robot_control/hook/ament_prefix_path.ps1'
[1.616s] INFO:colcon.colcon_core.shell:Creating environment descriptor '/home/arjun/vishrut/robot-arm-pick-and-place/install/robot_control/share/robot_control/hook/ament_prefix_path.dsv'
[1.617s] INFO:colcon.colcon_core.shell:Creating environment hook '/home/arjun/vishrut/robot-arm-pick-and-place/install/robot_control/share/robot_control/hook/ament_prefix_path.sh'
[1.617s] INFO:colcon.colcon_core.shell:Skip shell extension 'powershell' for command environment: Not usable outside of PowerShell
[1.617s] DEBUG:colcon.colcon_core.shell:Skip shell extension 'dsv' for command environment
[1.876s] INFO:colcon.colcon_core.task.python.build:Building Python package in '/home/arjun/vishrut/robot-arm-pick-and-place/src/robot_control'
[1.877s] INFO:colcon.colcon_core.shell:Skip shell extension 'powershell' for command environment: Not usable outside of PowerShell
[1.877s] DEBUG:colcon.colcon_core.shell:Skip shell extension 'dsv' for command environment
[2.212s] DEBUG:colcon.colcon_core.event_handler.log_command:Invoking command in '/home/arjun/vishrut/robot-arm-pick-and-place/src/robot_control': AMENT_PREFIX_PATH=/home/arjun/vishrut/robot-arm-pick-and-place/install/robot_description:${AMENT_PREFIX_PATH} PYTHONPATH=/home/arjun/vishrut/robot-arm-pick-and-place/build/robot_control/prefix_override:/usr/lib/python3/dist-packages/colcon_core/task/python/colcon_distutils_commands:/home/arjun/vishrut/robot-arm-pick-and-place/install/robot_control/lib/python3.10/site-packages:/home/arjun/vishrut/robot-arm-pick-and-place/install/robot_description/lib/python3.10/site-packages:${PYTHONPATH} /usr/bin/python3 -W ignore:setup.py install is deprecated -W ignore:easy_install command is deprecated setup.py egg_info --egg-base ../../build/robot_control build --build-base /home/arjun/vishrut/robot-arm-pick-and-place/build/robot_control/build install --record /home/arjun/vishrut/robot-arm-pick-and-place/build/robot_control/install.log --single-version-externally-managed install_data
[2.485s] Level 1:colcon.colcon_core.environment:checking '/home/arjun/vishrut/robot-arm-pick-and-place/install/robot_control' for CMake module files
[2.486s] DEBUG:colcon.colcon_core.event_handler.log_command:Invoked command in '/home/arjun/vishrut/robot-arm-pick-and-place/src/robot_control' returned '0': AMENT_PREFIX_PATH=/home/arjun/vishrut/robot-arm-pick-and-place/install/robot_description:${AMENT_PREFIX_PATH} PYTHONPATH=/home/arjun/vishrut/robot-arm-pick-and-place/build/robot_control/prefix_override:/usr/lib/python3/dist-packages/colcon_core/task/python/colcon_distutils_commands:/home/arjun/vishrut/robot-arm-pick-and-place/install/robot_control/lib/python3.10/site-packages:/home/arjun/vishrut/robot-arm-pick-and-place/install/robot_description/lib/python3.10/site-packages:${PYTHONPATH} /usr/bin/python3 -W ignore:setup.py install is deprecated -W ignore:easy_install command is deprecated setup.py egg_info --egg-base ../../build/robot_control build --build-base /home/arjun/vishrut/robot-arm-pick-and-place/build/robot_control/build install --record /home/arjun/vishrut/robot-arm-pick-and-place/build/robot_control/install.log --single-version-externally-managed install_data
[2.486s] Level 1:colcon.colcon_core.environment:checking '/home/arjun/vishrut/robot-arm-pick-and-place/install/robot_control' for CMake config files
[2.487s] Level 1:colcon.colcon_core.environment:checking '/home/arjun/vishrut/robot-arm-pick-and-place/install/robot_control/lib'
[2.487s] Level 1:colcon.colcon_core.environment:checking '/home/arjun/vishrut/robot-arm-pick-and-place/install/robot_control/bin'
[2.487s] Level 1:colcon.colcon_core.environment:checking '/home/arjun/vishrut/robot-arm-pick-and-place/install/robot_control/lib/pkgconfig/robot_control.pc'
[2.487s] Level 1:colcon.colcon_core.environment:checking '/home/arjun/vishrut/robot-arm-pick-and-place/install/robot_control/lib/python3.10/site-packages'
[2.487s] Level 1:colcon.colcon_core.shell:create_environment_hook('robot_control', 'pythonpath')
[2.487s] INFO:colcon.colcon_core.shell:Creating environment hook '/home/arjun/vishrut/robot-arm-pick-and-place/install/robot_control/share/robot_control/hook/pythonpath.ps1'
[2.487s] INFO:colcon.colcon_core.shell:Creating environment descriptor '/home/arjun/vishrut/robot-arm-pick-and-place/install/robot_control/share/robot_control/hook/pythonpath.dsv'
[2.488s] INFO:colcon.colcon_core.shell:Creating environment hook '/home/arjun/vishrut/robot-arm-pick-and-place/install/robot_control/share/robot_control/hook/pythonpath.sh'
[2.489s] Level 1:colcon.colcon_core.environment:checking '/home/arjun/vishrut/robot-arm-pick-and-place/install/robot_control/bin'
[2.489s] Level 1:colcon.colcon_core.environment:create_environment_scripts_only(robot_control)
[2.489s] INFO:colcon.colcon_core.shell:Creating package script '/home/arjun/vishrut/robot-arm-pick-and-place/install/robot_control/share/robot_control/package.ps1'
[2.489s] INFO:colcon.colcon_core.shell:Creating package descriptor '/home/arjun/vishrut/robot-arm-pick-and-place/install/robot_control/share/robot_control/package.dsv'
[2.490s] INFO:colcon.colcon_core.shell:Creating package script '/home/arjun/vishrut/robot-arm-pick-and-place/install/robot_control/share/robot_control/package.sh'
[2.490s] INFO:colcon.colcon_core.shell:Creating package script '/home/arjun/vishrut/robot-arm-pick-and-place/install/robot_control/share/robot_control/package.bash'
[2.490s] INFO:colcon.colcon_core.shell:Creating package script '/home/arjun/vishrut/robot-arm-pick-and-place/install/robot_control/share/robot_control/package.zsh'
[2.491s] Level 1:colcon.colcon_core.environment:create_file_with_runtime_dependencies(/home/arjun/vishrut/robot-arm-pick-and-place/install/robot_control/share/colcon-core/packages/robot_control)
[2.491s] DEBUG:colcon.colcon_parallel_executor.executor.parallel:closing loop
[2.491s] DEBUG:colcon.colcon_parallel_executor.executor.parallel:loop closed
[2.491s] DEBUG:colcon.colcon_parallel_executor.executor.parallel:run_until_complete finished with '0'
[2.491s] DEBUG:colcon.colcon_core.event_reactor:joining thread
[2.497s] INFO:colcon.colcon_core.plugin_system:Skipping extension 'colcon_notification.desktop_notification.terminal_notifier': Not used on non-Darwin systems
[2.497s] INFO:colcon.colcon_core.plugin_system:Skipping extension 'colcon_notification.desktop_notification.win32': Not used on non-Windows systems
[2.497s] INFO:colcon.colcon_notification.desktop_notification:Sending desktop notification using 'notify2'
[2.515s] DEBUG:colcon.colcon_core.event_reactor:joined thread
[2.516s] INFO:colcon.colcon_core.shell:Creating prefix script '/home/arjun/vishrut/robot-arm-pick-and-place/install/local_setup.ps1'
[2.517s] INFO:colcon.colcon_core.shell:Creating prefix util module '/home/arjun/vishrut/robot-arm-pick-and-place/install/_local_setup_util_ps1.py'
[2.518s] INFO:colcon.colcon_core.shell:Creating prefix chain script '/home/arjun/vishrut/robot-arm-pick-and-place/install/setup.ps1'
[2.520s] INFO:colcon.colcon_core.shell:Creating prefix script '/home/arjun/vishrut/robot-arm-pick-and-place/install/local_setup.sh'
[2.523s] INFO:colcon.colcon_core.shell:Creating prefix util module '/home/arjun/vishrut/robot-arm-pick-and-place/install/_local_setup_util_sh.py'
[2.524s] INFO:colcon.colcon_core.shell:Creating prefix chain script '/home/arjun/vishrut/robot-arm-pick-and-place/install/setup.sh'
[2.527s] INFO:colcon.colcon_core.shell:Creating prefix script '/home/arjun/vishrut/robot-arm-pick-and-place/install/local_setup.bash'
[2.527s] INFO:colcon.colcon_core.shell:Creating prefix chain script '/home/arjun/vishrut/robot-arm-pick-and-place/install/setup.bash'
[2.529s] INFO:colcon.colcon_core.shell:Creating prefix script '/home/arjun/vishrut/robot-arm-pick-and-place/install/local_setup.zsh'
[2.529s] INFO:colcon.colcon_core.shell:Creating prefix chain script '/home/arjun/vishrut/robot-arm-pick-and-place/install/setup.zsh'
