running egg_info
creating ../../build/robot_control/robot_control.egg-info
writing ../../build/robot_control/robot_control.egg-info/PKG-INFO
writing dependency_links to ../../build/robot_control/robot_control.egg-info/dependency_links.txt
writing entry points to ../../build/robot_control/robot_control.egg-info/entry_points.txt
writing requirements to ../../build/robot_control/robot_control.egg-info/requires.txt
writing top-level names to ../../build/robot_control/robot_control.egg-info/top_level.txt
writing manifest file '../../build/robot_control/robot_control.egg-info/SOURCES.txt'
reading manifest file '../../build/robot_control/robot_control.egg-info/SOURCES.txt'
writing manifest file '../../build/robot_control/robot_control.egg-info/SOURCES.txt'
running build
running build_py
creating /home/arjun/vishrut/robot-arm-pick-and-place/build/robot_control/build
creating /home/arjun/vishrut/robot-arm-pick-and-place/build/robot_control/build/lib
creating /home/arjun/vishrut/robot-arm-pick-and-place/build/robot_control/build/lib/robot_control
copying robot_control/pick_and_palce_node.py -> /home/arjun/vishrut/robot-arm-pick-and-place/build/robot_control/build/lib/robot_control
copying robot_control/__init__.py -> /home/arjun/vishrut/robot-arm-pick-and-place/build/robot_control/build/lib/robot_control
running install
running install_lib
creating /home/arjun/vishrut/robot-arm-pick-and-place/install/robot_control/lib/python3.10/site-packages/robot_control
copying /home/arjun/vishrut/robot-arm-pick-and-place/build/robot_control/build/lib/robot_control/pick_and_palce_node.py -> /home/arjun/vishrut/robot-arm-pick-and-place/install/robot_control/lib/python3.10/site-packages/robot_control
copying /home/arjun/vishrut/robot-arm-pick-and-place/build/robot_control/build/lib/robot_control/__init__.py -> /home/arjun/vishrut/robot-arm-pick-and-place/install/robot_control/lib/python3.10/site-packages/robot_control
byte-compiling /home/arjun/vishrut/robot-arm-pick-and-place/install/robot_control/lib/python3.10/site-packages/robot_control/pick_and_palce_node.py to pick_and_palce_node.cpython-310.pyc
byte-compiling /home/arjun/vishrut/robot-arm-pick-and-place/install/robot_control/lib/python3.10/site-packages/robot_control/__init__.py to __init__.cpython-310.pyc
running install_data
creating /home/arjun/vishrut/robot-arm-pick-and-place/install/robot_control/share/ament_index
creating /home/arjun/vishrut/robot-arm-pick-and-place/install/robot_control/share/ament_index/resource_index
creating /home/arjun/vishrut/robot-arm-pick-and-place/install/robot_control/share/ament_index/resource_index/packages
copying resource/robot_control -> /home/arjun/vishrut/robot-arm-pick-and-place/install/robot_control/share/ament_index/resource_index/packages
copying package.xml -> /home/arjun/vishrut/robot-arm-pick-and-place/install/robot_control/share/robot_control
creating /home/arjun/vishrut/robot-arm-pick-and-place/install/robot_control/share/robot_control/launch
running install_egg_info
Copying ../../build/robot_control/robot_control.egg-info to /home/arjun/vishrut/robot-arm-pick-and-place/install/robot_control/lib/python3.10/site-packages/robot_control-0.0.0-py3.10.egg-info
running install_scripts
Installing pick_and_place_node script to /home/arjun/vishrut/robot-arm-pick-and-place/install/robot_control/lib/robot_control
writing list of installed files to '/home/arjun/vishrut/robot-arm-pick-and-place/build/robot_control/install.log'
