[0.596s] Invoking command in '/home/arjun/vishrut/robot-arm-pick-and-place/src/robot_control': AMENT_PREFIX_PATH=/home/arjun/vishrut/robot-arm-pick-and-place/install/robot_description:${AMENT_PREFIX_PATH} PYTHONPATH=/home/arjun/vishrut/robot-arm-pick-and-place/build/robot_control/prefix_override:/usr/lib/python3/dist-packages/colcon_core/task/python/colcon_distutils_commands:/home/arjun/vishrut/robot-arm-pick-and-place/install/robot_control/lib/python3.10/site-packages:/home/arjun/vishrut/robot-arm-pick-and-place/install/robot_description/lib/python3.10/site-packages:${PYTHONPATH} /usr/bin/python3 -W ignore:setup.py install is deprecated -W ignore:easy_install command is deprecated setup.py egg_info --egg-base ../../build/robot_control build --build-base /home/arjun/vishrut/robot-arm-pick-and-place/build/robot_control/build install --record /home/arjun/vishrut/robot-arm-pick-and-place/build/robot_control/install.log --single-version-externally-managed install_data
[0.821s] running egg_info
[0.822s] creating ../../build/robot_control/robot_control.egg-info
[0.822s] writing ../../build/robot_control/robot_control.egg-info/PKG-INFO
[0.822s] writing dependency_links to ../../build/robot_control/robot_control.egg-info/dependency_links.txt
[0.822s] writing entry points to ../../build/robot_control/robot_control.egg-info/entry_points.txt
[0.822s] writing requirements to ../../build/robot_control/robot_control.egg-info/requires.txt
[0.822s] writing top-level names to ../../build/robot_control/robot_control.egg-info/top_level.txt
[0.822s] writing manifest file '../../build/robot_control/robot_control.egg-info/SOURCES.txt'
[0.824s] reading manifest file '../../build/robot_control/robot_control.egg-info/SOURCES.txt'
[0.824s] writing manifest file '../../build/robot_control/robot_control.egg-info/SOURCES.txt'
[0.824s] running build
[0.825s] running build_py
[0.825s] creating /home/arjun/vishrut/robot-arm-pick-and-place/build/robot_control/build
[0.825s] creating /home/arjun/vishrut/robot-arm-pick-and-place/build/robot_control/build/lib
[0.825s] creating /home/arjun/vishrut/robot-arm-pick-and-place/build/robot_control/build/lib/robot_control
[0.825s] copying robot_control/pick_and_palce_node.py -> /home/arjun/vishrut/robot-arm-pick-and-place/build/robot_control/build/lib/robot_control
[0.825s] copying robot_control/__init__.py -> /home/arjun/vishrut/robot-arm-pick-and-place/build/robot_control/build/lib/robot_control
[0.825s] running install
[0.825s] running install_lib
[0.827s] creating /home/arjun/vishrut/robot-arm-pick-and-place/install/robot_control/lib/python3.10/site-packages/robot_control
[0.827s] copying /home/arjun/vishrut/robot-arm-pick-and-place/build/robot_control/build/lib/robot_control/pick_and_palce_node.py -> /home/arjun/vishrut/robot-arm-pick-and-place/install/robot_control/lib/python3.10/site-packages/robot_control
[0.827s] copying /home/arjun/vishrut/robot-arm-pick-and-place/build/robot_control/build/lib/robot_control/__init__.py -> /home/arjun/vishrut/robot-arm-pick-and-place/install/robot_control/lib/python3.10/site-packages/robot_control
[0.827s] byte-compiling /home/arjun/vishrut/robot-arm-pick-and-place/install/robot_control/lib/python3.10/site-packages/robot_control/pick_and_palce_node.py to pick_and_palce_node.cpython-310.pyc
[0.828s] byte-compiling /home/arjun/vishrut/robot-arm-pick-and-place/install/robot_control/lib/python3.10/site-packages/robot_control/__init__.py to __init__.cpython-310.pyc
[0.828s] running install_data
[0.829s] creating /home/arjun/vishrut/robot-arm-pick-and-place/install/robot_control/share/ament_index
[0.829s] creating /home/arjun/vishrut/robot-arm-pick-and-place/install/robot_control/share/ament_index/resource_index
[0.829s] creating /home/arjun/vishrut/robot-arm-pick-and-place/install/robot_control/share/ament_index/resource_index/packages
[0.829s] copying resource/robot_control -> /home/arjun/vishrut/robot-arm-pick-and-place/install/robot_control/share/ament_index/resource_index/packages
[0.829s] copying package.xml -> /home/arjun/vishrut/robot-arm-pick-and-place/install/robot_control/share/robot_control
[0.829s] creating /home/arjun/vishrut/robot-arm-pick-and-place/install/robot_control/share/robot_control/launch
[0.829s] running install_egg_info
[0.831s] Copying ../../build/robot_control/robot_control.egg-info to /home/arjun/vishrut/robot-arm-pick-and-place/install/robot_control/lib/python3.10/site-packages/robot_control-0.0.0-py3.10.egg-info
[0.831s] running install_scripts
[0.849s] Installing pick_and_place_node script to /home/arjun/vishrut/robot-arm-pick-and-place/install/robot_control/lib/robot_control
[0.850s] writing list of installed files to '/home/arjun/vishrut/robot-arm-pick-and-place/build/robot_control/install.log'
[0.870s] Invoked command in '/home/arjun/vishrut/robot-arm-pick-and-place/src/robot_control' returned '0': AMENT_PREFIX_PATH=/home/arjun/vishrut/robot-arm-pick-and-place/install/robot_description:${AMENT_PREFIX_PATH} PYTHONPATH=/home/arjun/vishrut/robot-arm-pick-and-place/build/robot_control/prefix_override:/usr/lib/python3/dist-packages/colcon_core/task/python/colcon_distutils_commands:/home/arjun/vishrut/robot-arm-pick-and-place/install/robot_control/lib/python3.10/site-packages:/home/arjun/vishrut/robot-arm-pick-and-place/install/robot_description/lib/python3.10/site-packages:${PYTHONPATH} /usr/bin/python3 -W ignore:setup.py install is deprecated -W ignore:easy_install command is deprecated setup.py egg_info --egg-base ../../build/robot_control build --build-base /home/arjun/vishrut/robot-arm-pick-and-place/build/robot_control/build install --record /home/arjun/vishrut/robot-arm-pick-and-place/build/robot_control/install.log --single-version-externally-managed install_data
