[0.757s] Invoking command in '/home/arjun/vishrut/robot-arm-pick-and-place/src/robot_description': PYTHONPATH=/home/arjun/vishrut/robot-arm-pick-and-place/build/robot_description/prefix_override:/usr/lib/python3/dist-packages/colcon_core/task/python/colcon_distutils_commands:/home/arjun/vishrut/robot-arm-pick-and-place/install/robot_description/lib/python3.10/site-packages:${PYTHONPATH} /usr/bin/python3 -W ignore:setup.py install is deprecated -W ignore:easy_install command is deprecated setup.py egg_info --egg-base ../../build/robot_description build --build-base /home/arjun/vishrut/robot-arm-pick-and-place/build/robot_description/build install --record /home/arjun/vishrut/robot-arm-pick-and-place/build/robot_description/install.log --single-version-externally-managed install_data
[0.980s] running egg_info
[0.981s] creating ../../build/robot_description/robot_description.egg-info
[0.981s] writing ../../build/robot_description/robot_description.egg-info/PKG-INFO
[0.981s] writing dependency_links to ../../build/robot_description/robot_description.egg-info/dependency_links.txt
[0.981s] writing entry points to ../../build/robot_description/robot_description.egg-info/entry_points.txt
[0.981s] writing requirements to ../../build/robot_description/robot_description.egg-info/requires.txt
[0.981s] writing top-level names to ../../build/robot_description/robot_description.egg-info/top_level.txt
[0.981s] writing manifest file '../../build/robot_description/robot_description.egg-info/SOURCES.txt'
[0.983s] reading manifest file '../../build/robot_description/robot_description.egg-info/SOURCES.txt'
[0.984s] writing manifest file '../../build/robot_description/robot_description.egg-info/SOURCES.txt'
[0.984s] running build
[0.984s] running build_py
[0.984s] creating /home/arjun/vishrut/robot-arm-pick-and-place/build/robot_description/build
[0.984s] creating /home/arjun/vishrut/robot-arm-pick-and-place/build/robot_description/build/lib
[0.984s] creating /home/arjun/vishrut/robot-arm-pick-and-place/build/robot_description/build/lib/robot_description
[0.985s] copying robot_description/__init__.py -> /home/arjun/vishrut/robot-arm-pick-and-place/build/robot_description/build/lib/robot_description
[0.985s] running install
[0.985s] running install_lib
[0.985s] creating /home/arjun/vishrut/robot-arm-pick-and-place/install/robot_description/lib/python3.10/site-packages/robot_description
[0.985s] copying /home/arjun/vishrut/robot-arm-pick-and-place/build/robot_description/build/lib/robot_description/__init__.py -> /home/arjun/vishrut/robot-arm-pick-and-place/install/robot_description/lib/python3.10/site-packages/robot_description
[0.986s] byte-compiling /home/arjun/vishrut/robot-arm-pick-and-place/install/robot_description/lib/python3.10/site-packages/robot_description/__init__.py to __init__.cpython-310.pyc
[0.986s] running install_data
[0.986s] creating /home/arjun/vishrut/robot-arm-pick-and-place/install/robot_description/share/ament_index
[0.986s] creating /home/arjun/vishrut/robot-arm-pick-and-place/install/robot_description/share/ament_index/resource_index
[0.987s] creating /home/arjun/vishrut/robot-arm-pick-and-place/install/robot_description/share/ament_index/resource_index/packages
[0.987s] copying resource/robot_description -> /home/arjun/vishrut/robot-arm-pick-and-place/install/robot_description/share/ament_index/resource_index/packages
[0.987s] copying package.xml -> /home/arjun/vishrut/robot-arm-pick-and-place/install/robot_description/share/robot_description
[0.987s] running install_egg_info
[0.988s] Copying ../../build/robot_description/robot_description.egg-info to /home/arjun/vishrut/robot-arm-pick-and-place/install/robot_description/lib/python3.10/site-packages/robot_description-0.0.0-py3.10.egg-info
[0.989s] running install_scripts
[1.007s] writing list of installed files to '/home/arjun/vishrut/robot-arm-pick-and-place/build/robot_description/install.log'
[1.026s] Invoked command in '/home/arjun/vishrut/robot-arm-pick-and-place/src/robot_description' returned '0': PYTHONPATH=/home/arjun/vishrut/robot-arm-pick-and-place/build/robot_description/prefix_override:/usr/lib/python3/dist-packages/colcon_core/task/python/colcon_distutils_commands:/home/arjun/vishrut/robot-arm-pick-and-place/install/robot_description/lib/python3.10/site-packages:${PYTHONPATH} /usr/bin/python3 -W ignore:setup.py install is deprecated -W ignore:easy_install command is deprecated setup.py egg_info --egg-base ../../build/robot_description build --build-base /home/arjun/vishrut/robot-arm-pick-and-place/build/robot_description/build install --record /home/arjun/vishrut/robot-arm-pick-and-place/build/robot_description/install.log --single-version-externally-managed install_data
