[0.574s] Invoking command in '/home/arjun/vishrut/robot-arm-pick-and-place/src/robot_control': AMENT_PREFIX_PATH=/home/arjun/vishrut/robot-arm-pick-and-place/install/robot_description:${AMENT_PREFIX_PATH} PYTHONPATH=/home/arjun/vishrut/robot-arm-pick-and-place/build/robot_control/prefix_override:/usr/lib/python3/dist-packages/colcon_core/task/python/colcon_distutils_commands:/home/arjun/vishrut/robot-arm-pick-and-place/install/robot_control/lib/python3.10/site-packages:/home/arjun/vishrut/robot-arm-pick-and-place/install/robot_description/lib/python3.10/site-packages:${PYTHONPATH} /usr/bin/python3 -W ignore:setup.py install is deprecated -W ignore:easy_install command is deprecated setup.py egg_info --egg-base ../../build/robot_control build --build-base /home/arjun/vishrut/robot-arm-pick-and-place/build/robot_control/build install --record /home/arjun/vishrut/robot-arm-pick-and-place/build/robot_control/install.log --single-version-externally-managed install_data
[0.797s] running egg_info
[0.797s] writing ../../build/robot_control/robot_control.egg-info/PKG-INFO
[0.798s] writing dependency_links to ../../build/robot_control/robot_control.egg-info/dependency_links.txt
[0.798s] writing entry points to ../../build/robot_control/robot_control.egg-info/entry_points.txt
[0.798s] writing requirements to ../../build/robot_control/robot_control.egg-info/requires.txt
[0.798s] writing top-level names to ../../build/robot_control/robot_control.egg-info/top_level.txt
[0.799s] reading manifest file '../../build/robot_control/robot_control.egg-info/SOURCES.txt'
[0.800s] writing manifest file '../../build/robot_control/robot_control.egg-info/SOURCES.txt'
[0.800s] running build
[0.800s] running build_py
[0.801s] running install
[0.801s] running install_lib
[0.803s] running install_data
[0.803s] running install_egg_info
[0.804s] removing '/home/arjun/vishrut/robot-arm-pick-and-place/install/robot_control/lib/python3.10/site-packages/robot_control-0.0.0-py3.10.egg-info' (and everything under it)
[0.804s] Copying ../../build/robot_control/robot_control.egg-info to /home/arjun/vishrut/robot-arm-pick-and-place/install/robot_control/lib/python3.10/site-packages/robot_control-0.0.0-py3.10.egg-info
[0.805s] running install_scripts
[0.824s] Installing pick_and_place_node script to /home/arjun/vishrut/robot-arm-pick-and-place/install/robot_control/lib/robot_control
[0.824s] writing list of installed files to '/home/arjun/vishrut/robot-arm-pick-and-place/build/robot_control/install.log'
[0.843s] Invoked command in '/home/arjun/vishrut/robot-arm-pick-and-place/src/robot_control' returned '0': AMENT_PREFIX_PATH=/home/arjun/vishrut/robot-arm-pick-and-place/install/robot_description:${AMENT_PREFIX_PATH} PYTHONPATH=/home/arjun/vishrut/robot-arm-pick-and-place/build/robot_control/prefix_override:/usr/lib/python3/dist-packages/colcon_core/task/python/colcon_distutils_commands:/home/arjun/vishrut/robot-arm-pick-and-place/install/robot_control/lib/python3.10/site-packages:/home/arjun/vishrut/robot-arm-pick-and-place/install/robot_description/lib/python3.10/site-packages:${PYTHONPATH} /usr/bin/python3 -W ignore:setup.py install is deprecated -W ignore:easy_install command is deprecated setup.py egg_info --egg-base ../../build/robot_control build --build-base /home/arjun/vishrut/robot-arm-pick-and-place/build/robot_control/build install --record /home/arjun/vishrut/robot-arm-pick-and-place/build/robot_control/install.log --single-version-externally-managed install_data
