[0.584s] Invoking command in '/home/arjun/vishrut/robot-arm-pick-and-place/src/robot_description': PYTHONPATH=/home/arjun/vishrut/robot-arm-pick-and-place/build/robot_description/prefix_override:/usr/lib/python3/dist-packages/colcon_core/task/python/colcon_distutils_commands:/home/arjun/vishrut/robot-arm-pick-and-place/install/robot_description/lib/python3.10/site-packages:${PYTHONPATH} /usr/bin/python3 -W ignore:setup.py install is deprecated -W ignore:easy_install command is deprecated setup.py egg_info --egg-base ../../build/robot_description build --build-base /home/arjun/vishrut/robot-arm-pick-and-place/build/robot_description/build install --record /home/arjun/vishrut/robot-arm-pick-and-place/build/robot_description/install.log --single-version-externally-managed install_data
[0.812s] running egg_info
[0.813s] writing ../../build/robot_description/robot_description.egg-info/PKG-INFO
[0.813s] writing dependency_links to ../../build/robot_description/robot_description.egg-info/dependency_links.txt
[0.813s] writing entry points to ../../build/robot_description/robot_description.egg-info/entry_points.txt
[0.813s] writing requirements to ../../build/robot_description/robot_description.egg-info/requires.txt
[0.813s] writing top-level names to ../../build/robot_description/robot_description.egg-info/top_level.txt
[0.814s] reading manifest file '../../build/robot_description/robot_description.egg-info/SOURCES.txt'
[0.816s] writing manifest file '../../build/robot_description/robot_description.egg-info/SOURCES.txt'
[0.816s] running build
[0.816s] running build_py
[0.816s] running install
[0.816s] running install_lib
[0.817s] running install_data
[0.818s] running install_egg_info
[0.819s] removing '/home/arjun/vishrut/robot-arm-pick-and-place/install/robot_description/lib/python3.10/site-packages/robot_description-0.0.0-py3.10.egg-info' (and everything under it)
[0.819s] Copying ../../build/robot_description/robot_description.egg-info to /home/arjun/vishrut/robot-arm-pick-and-place/install/robot_description/lib/python3.10/site-packages/robot_description-0.0.0-py3.10.egg-info
[0.820s] running install_scripts
[0.839s] writing list of installed files to '/home/arjun/vishrut/robot-arm-pick-and-place/build/robot_description/install.log'
[0.858s] Invoked command in '/home/arjun/vishrut/robot-arm-pick-and-place/src/robot_description' returned '0': PYTHONPATH=/home/arjun/vishrut/robot-arm-pick-and-place/build/robot_description/prefix_override:/usr/lib/python3/dist-packages/colcon_core/task/python/colcon_distutils_commands:/home/arjun/vishrut/robot-arm-pick-and-place/install/robot_description/lib/python3.10/site-packages:${PYTHONPATH} /usr/bin/python3 -W ignore:setup.py install is deprecated -W ignore:easy_install command is deprecated setup.py egg_info --egg-base ../../build/robot_description build --build-base /home/arjun/vishrut/robot-arm-pick-and-place/build/robot_description/build install --record /home/arjun/vishrut/robot-arm-pick-and-place/build/robot_description/install.log --single-version-externally-managed install_data
